#
# There is insufficient memory for the Java Runtime Environment to continue.
# Native memory allocation (mmap) failed to map 134217728 bytes for G1 virtual space
# Possible reasons:
#   The system is out of physical RAM or swap space
#   The process is running with CompressedOops enabled, and the Java Heap may be blocking the growth of the native heap
# Possible solutions:
#   Reduce memory load on the system
#   Increase physical memory or swap space
#   Check if swap backing store is full
#   Decrease Java heap size (-Xmx/-Xms)
#   Decrease number of Java threads
#   Decrease Java thread stack sizes (-Xss)
#   Set larger code cache with -XX:ReservedCodeCacheSize=
#   JVM is running with Unscaled Compressed Oops mode in which the Java heap is
#     placed in the first 4GB address space. The Java Heap base address is the
#     maximum limit for the native heap growth. Please use -XX:HeapBaseMinAddress
#     to set the Java Heap base and to place the Java Heap above 4GB virtual address.
# This output file may be truncated or incomplete.
#
#  Out of Memory Error (os_windows.cpp:3829), pid=20000, tid=15560
#
# JRE version:  (17.0.8+7) (build )
# Java VM: OpenJDK 64-Bit Server VM (17.0.8+7-b1000.22, mixed mode, sharing, tiered, compressed oops, compressed class ptrs, g1 gc, windows-amd64)
# No core dump will be written. Minidumps are not enabled by default on client versions of Windows
#

---------------  S U M M A R Y ------------

Command Line: -Djava.rmi.server.hostname=127.0.0.1 -Duser.timezone=UTC -Xmx2048m -Xms128m -Djna.boot.library.path=C:\Program Files\JetBrains\IntelliJ IDEA 2023.2.2/lib/jna/amd64 -Djna.nosys=true -Djna.noclasspath=true -Djdbc.classpath=C:\Program Files\JetBrains\IntelliJ IDEA 2023.2.2\plugins\DatabaseTools\lib\jdbc-console.jar;C:\Users\Aziz\AppData\Roaming\JetBrains\IntelliJIdea2023.2\jdbc-drivers\PostgreSQL\42.6.0\org\postgresql\postgresql\42.6.0\postgresql-42.6.0.jar;C:\Users\Aziz\AppData\Roaming\JetBrains\IntelliJIdea2023.2\jdbc-drivers\PostgreSQL\42.6.0\org\checkerframework\checker-qual\3.31.0\checker-qual-3.31.0.jar;C:\Users\Aziz\AppData\Roaming\JetBrains\IntelliJIdea2023.2\jdbc-drivers\PostgreSQL\42.6.0\com\github\waffle\waffle-jna\1.9.1\waffle-jna-1.9.1.jar;C:\Users\Aziz\AppData\Roaming\JetBrains\IntelliJIdea2023.2\jdbc-drivers\PostgreSQL\42.6.0\net\java\dev\jna\jna\4.5.1\jna-4.5.1.jar;C:\Users\Aziz\AppData\Roaming\JetBrains\IntelliJIdea2023.2\jdbc-drivers\PostgreSQL\42.6.0\net\java\dev\jna\jna-platform\4.5.1\jna-platform-4.5.1.jar;C:\Users\Aziz\AppData\Roaming\JetBrains\IntelliJIdea2023.2\jdbc-drivers\PostgreSQL\42.6.0\org\slf4j\jcl-over-slf4j\1.7.25\jcl-over-slf4j-1.7.25.jar;C:\Users\Aziz\AppData\Roaming\JetBrains\IntelliJIdea2023.2\jdbc-drivers\PostgreSQL\42.6.0\org\slf4j\slf4j-api\1.7.25\slf4j-api-1.7.25.jar;C:\Users\Aziz\AppData\Roaming\JetBrains\IntelliJIdea2023.2\jdbc-drivers\PostgreSQL\42.6.0\com\github\ben-manes\caffeine\caffeine\2.6.2\caffeine-2.6.2.jar --add-exports=java.desktop/sun.awt=ALL-UNNAMED --add-exports=java.desktop/java.awt.peer=ALL-UNNAMED --add-opens=java.desktop/java.awt=ALL-UNNAMED --add-opens=jdk.unsupported/sun.misc=ALL-UNNAMED --add-opens=java.base/java.nio=ALL-UNNAMED --add-opens=java.base/java.util=ALL-UNNAMED -Dfile.encoding=UTF-8 com.intellij.database.remote.RemoteJdbcServer org.postgresql.Driver

Host: 11th Gen Intel(R) Core(TM) i5-1135G7 @ 2.40GHz, 8 cores, 7G,  Windows 11 , 64 bit Build 22621 (10.0.22621.2428)
Time: Wed Oct 18 12:01:48 2023 Maroc (heure d64 bit Build 22621 (10.0.22621.2428) elapsed time: 0.023879 seconds (0d 0h 0m 0s)

---------------  T H R E A D  ---------------

Current thread (0x0000021971afc890):  JavaThread "Unknown thread" [_thread_in_vm, id=15560, stack(0x0000003d53700000,0x0000003d53800000)]

Stack: [0x0000003d53700000,0x0000003d53800000]
Native frames: (J=compiled Java code, j=interpreted, Vv=VM code, C=native code)
V  [jvm.dll+0x6852da]
V  [jvm.dll+0x844c84]
V  [jvm.dll+0x84659e]
V  [jvm.dll+0x846c03]
V  [jvm.dll+0x24b7cf]
V  [jvm.dll+0x682049]
V  [jvm.dll+0x67671a]
V  [jvm.dll+0x30be2b]
V  [jvm.dll+0x3132d6]
V  [jvm.dll+0x36302e]
V  [jvm.dll+0x36325f]
V  [jvm.dll+0x2e1f48]
V  [jvm.dll+0x2e2eb4]
V  [jvm.dll+0x815c11]
V  [jvm.dll+0x370df1]
V  [jvm.dll+0x7f4fdc]
V  [jvm.dll+0x3f3f1f]
V  [jvm.dll+0x3f5b31]
C  [jli.dll+0x528f]
C  [ucrtbase.dll+0x29363]
C  [KERNEL32.DLL+0x1257d]
C  [ntdll.dll+0x5aa78]


---------------  P R O C E S S  ---------------

Threads class SMR info:
_java_thread_list=0x00007ffae3bb0098, length=0, elements={
}

Java Threads: ( => current thread )

Other Threads:
  0x0000021971b572a0 GCTaskThread "GC Thread#0" [stack: 0x0000003d53800000,0x0000003d53900000] [id=4680]
  0x0000021971b68c70 ConcurrentGCThread "G1 Main Marker" [stack: 0x0000003d53900000,0x0000003d53a00000] [id=9156]
  0x0000021971b69680 ConcurrentGCThread "G1 Conc#0" [stack: 0x0000003d53a00000,0x0000003d53b00000] [id=16772]

[error occurred during error reporting (printing all threads), id 0xc0000005, EXCEPTION_ACCESS_VIOLATION (0xc0000005) at pc=0x00007ffae3362ab7]

VM state: not at safepoint (not fully initialized)

VM Mutex/Monitor currently owned by a thread:  ([mutex/lock_event])
[0x0000021971afa670] Heap_lock - owner thread: 0x0000021971afc890

Heap address: 0x0000000080000000, size: 2048 MB, Compressed Oops mode: 32-bit

CDS archive(s) mapped at: [0x0000000000000000-0x0000000000000000-0x0000000000000000), size 0, SharedBaseAddress: 0x0000000800000000, ArchiveRelocationMode: 1.
Narrow klass base: 0x0000000000000000, Narrow klass shift: 0, Narrow klass range: 0x0

GC Precious Log:
<Empty>

Heap:
 garbage-first heap   total 0K, used 0K [0x0000000080000000, 0x0000000100000000)
  region size 1024K, 0 young (0K), 0 survivors (0K)
 Metaspace       used 0K, committed 0K, reserved 0K
  class space    used 0K, committed 0K, reserved 0K

Heap Regions: E=young(eden), S=young(survivor), O=old, HS=humongous(starts), HC=humongous(continues), CS=collection set, F=free, OA=open archive, CA=closed archive, TAMS=top-at-mark-start (previous, next)

Card table byte_map: [0x0000021975970000,0x0000021975d70000] _byte_map_base: 0x0000021975570000

Marking Bits (Prev, Next): (CMBitMap*) 0x0000021971b577d0, (CMBitMap*) 0x0000021971b57810
 Prev Bits: [0x0000021976170000, 0x0000021978170000)
 Next Bits: [0x0000021978170000, 0x000002197a170000)

GC Heap History (0 events):
No events

Dll operation events (1 events):
Event: 0.013 Loaded shared library C:\Program Files\JetBrains\IntelliJ IDEA 2023.2.2\jbr\bin\java.dll

Deoptimization events (0 events):
No events

Classes unloaded (0 events):
No events

Classes redefined (0 events):
No events

Internal exceptions (0 events):
No events

VM Operations (0 events):
No events

Events (0 events):
No events


Dynamic libraries:
0x00007ff74e1f0000 - 0x00007ff74e1fa000 	C:\Program Files\JetBrains\IntelliJ IDEA 2023.2.2\jbr\bin\java.exe
0x00007ffb51550000 - 0x00007ffb51767000 	C:\WINDOWS\SYSTEM32\ntdll.dll
0x00007ffb4f4a0000 - 0x00007ffb4f564000 	C:\WINDOWS\System32\KERNEL32.DLL
0x00007ffb4ef00000 - 0x00007ffb4f2a6000 	C:\WINDOWS\System32\KERNELBASE.dll
0x00007ffb4eb60000 - 0x00007ffb4ec71000 	C:\WINDOWS\System32\ucrtbase.dll
0x00007ffb31260000 - 0x00007ffb31277000 	C:\Program Files\JetBrains\IntelliJ IDEA 2023.2.2\jbr\bin\jli.dll
0x00007ffb3e800000 - 0x00007ffb3e81b000 	C:\Program Files\JetBrains\IntelliJ IDEA 2023.2.2\jbr\bin\VCRUNTIME140.dll
0x00007ffb505c0000 - 0x00007ffb5076d000 	C:\WINDOWS\System32\USER32.dll
0x00007ffb4ec80000 - 0x00007ffb4eca6000 	C:\WINDOWS\System32\win32u.dll
0x00007ffb4fa00000 - 0x00007ffb4fa29000 	C:\WINDOWS\System32\GDI32.dll
0x00007ffb4ecb0000 - 0x00007ffb4edc8000 	C:\WINDOWS\System32\gdi32full.dll
0x00007ffb37840000 - 0x00007ffb37ad3000 	C:\WINDOWS\WinSxS\amd64_microsoft.windows.common-controls_6595b64144ccf1df_6.0.22621.2361_none_2712ced57382f843\COMCTL32.dll
0x00007ffb4eac0000 - 0x00007ffb4eb5a000 	C:\WINDOWS\System32\msvcp_win.dll
0x00007ffb50510000 - 0x00007ffb505b7000 	C:\WINDOWS\System32\msvcrt.dll
0x00007ffb4f410000 - 0x00007ffb4f441000 	C:\WINDOWS\System32\IMM32.DLL
0x0000000066fe0000 - 0x0000000066fec000 	C:\Program Files (x86)\360\Total Security\safemon\SafeWrapper.dll
0x00007ffb4f950000 - 0x00007ffb4fa00000 	C:\WINDOWS\System32\ADVAPI32.dll
0x00007ffb4fb50000 - 0x00007ffb4fbf6000 	C:\WINDOWS\System32\sechost.dll
0x00007ffb4f580000 - 0x00007ffb4f697000 	C:\WINDOWS\System32\RPCRT4.dll
0x00007ffaea050000 - 0x00007ffaea0e2000 	C:\Program Files (x86)\360\Total Security\safemon\libzdtp64.dll
0x00007ffb50c20000 - 0x00007ffb51478000 	C:\WINDOWS\System32\SHELL32.dll
0x00007ffb50ae0000 - 0x00007ffb50b3e000 	C:\WINDOWS\System32\SHLWAPI.dll
0x00007ffb4e3a0000 - 0x00007ffb4e3aa000 	C:\WINDOWS\SYSTEM32\VERSION.dll
0x00007ffb44270000 - 0x00007ffb4427c000 	C:\Program Files\JetBrains\IntelliJ IDEA 2023.2.2\jbr\bin\vcruntime140_1.dll
0x00007ffb1caf0000 - 0x00007ffb1cb7d000 	C:\Program Files\JetBrains\IntelliJ IDEA 2023.2.2\jbr\bin\msvcp140.dll
0x00007ffae3070000 - 0x00007ffae3cf3000 	C:\Program Files\JetBrains\IntelliJ IDEA 2023.2.2\jbr\bin\server\jvm.dll
0x00007ffb435c0000 - 0x00007ffb435f4000 	C:\WINDOWS\SYSTEM32\WINMM.dll
0x00007ffb30000000 - 0x00007ffb30009000 	C:\WINDOWS\SYSTEM32\WSOCK32.dll
0x00007ffb4f8c0000 - 0x00007ffb4f931000 	C:\WINDOWS\System32\WS2_32.dll
0x00007ffb4d6f0000 - 0x00007ffb4d73d000 	C:\WINDOWS\SYSTEM32\POWRPROF.dll
0x00007ffb4d6d0000 - 0x00007ffb4d6e3000 	C:\WINDOWS\SYSTEM32\UMPDC.dll
0x00007ffb4d990000 - 0x00007ffb4d9a8000 	C:\WINDOWS\SYSTEM32\kernel.appcore.dll
0x00007ffb43600000 - 0x00007ffb4360a000 	C:\Program Files\JetBrains\IntelliJ IDEA 2023.2.2\jbr\bin\jimage.dll
0x00007ffb4c1a0000 - 0x00007ffb4c3ce000 	C:\WINDOWS\SYSTEM32\DBGHELP.DLL
0x00007ffb50080000 - 0x00007ffb5040a000 	C:\WINDOWS\System32\combase.dll
0x00007ffb50b40000 - 0x00007ffb50c17000 	C:\WINDOWS\System32\OLEAUT32.dll
0x00007ffb2e940000 - 0x00007ffb2e972000 	C:\WINDOWS\SYSTEM32\dbgcore.DLL
0x00007ffb4ea40000 - 0x00007ffb4eaba000 	C:\WINDOWS\System32\bcryptPrimitives.dll
0x00007ffb38400000 - 0x00007ffb38425000 	C:\Program Files\JetBrains\IntelliJ IDEA 2023.2.2\jbr\bin\java.dll

dbghelp: loaded successfully - version: 4.0.5 - missing functions: none
symbol engine: initialized successfully - sym options: 0x614 - pdb path: .;C:\Program Files\JetBrains\IntelliJ IDEA 2023.2.2\jbr\bin;C:\WINDOWS\SYSTEM32;C:\WINDOWS\WinSxS\amd64_microsoft.windows.common-controls_6595b64144ccf1df_6.0.22621.2361_none_2712ced57382f843;C:\Program Files (x86)\360\Total Security\safemon;C:\Program Files\JetBrains\IntelliJ IDEA 2023.2.2\jbr\bin\server

VM Arguments:
jvm_args: -Djava.rmi.server.hostname=127.0.0.1 -Duser.timezone=UTC -Xmx2048m -Xms128m -Djna.boot.library.path=C:\Program Files\JetBrains\IntelliJ IDEA 2023.2.2/lib/jna/amd64 -Djna.nosys=true -Djna.noclasspath=true -Djdbc.classpath=C:\Program Files\JetBrains\IntelliJ IDEA 2023.2.2\plugins\DatabaseTools\lib\jdbc-console.jar;C:\Users\Aziz\AppData\Roaming\JetBrains\IntelliJIdea2023.2\jdbc-drivers\PostgreSQL\42.6.0\org\postgresql\postgresql\42.6.0\postgresql-42.6.0.jar;C:\Users\Aziz\AppData\Roaming\JetBrains\IntelliJIdea2023.2\jdbc-drivers\PostgreSQL\42.6.0\org\checkerframework\checker-qual\3.31.0\checker-qual-3.31.0.jar;C:\Users\Aziz\AppData\Roaming\JetBrains\IntelliJIdea2023.2\jdbc-drivers\PostgreSQL\42.6.0\com\github\waffle\waffle-jna\1.9.1\waffle-jna-1.9.1.jar;C:\Users\Aziz\AppData\Roaming\JetBrains\IntelliJIdea2023.2\jdbc-drivers\PostgreSQL\42.6.0\net\java\dev\jna\jna\4.5.1\jna-4.5.1.jar;C:\Users\Aziz\AppData\Roaming\JetBrains\IntelliJIdea2023.2\jdbc-drivers\PostgreSQL\42.6.0\net\java\dev\jna\jna-platform\4.5.1\jna-platform-4.5.1.jar;C:\Users\Aziz\AppData\Roaming\JetBrains\IntelliJIdea2023.2\jdbc-drivers\PostgreSQL\42.6.0\org\slf4j\jcl-over-slf4j\1.7.25\jcl-over-slf4j-1.7.25.jar;C:\Users\Aziz\AppData\Roaming\JetBrains\IntelliJIdea2023.2\jdbc-drivers\PostgreSQL\42.6.0\org\slf4j\slf4j-api\1.7.25\slf4j-api-1.7.25.jar;C:\Users\Aziz\AppData\Roaming\JetBrains\IntelliJIdea2023.2\jdbc-drivers\PostgreSQL\42.6.0\com\github\ben-manes\caffeine\caffeine\2.6.2\caffeine-2.6.2.jar --add-exports=java.desktop/sun.awt=ALL-UNNAMED --add-exports=java.desktop/java.awt.peer=ALL-UNNAMED --add-opens=java.desktop/java.awt=ALL-UNNAMED --add-opens=jdk.unsupported/sun.misc=ALL-UNNAMED --add-opens=java.base/java.nio=ALL-UNNAMED --add-opens=java.base/java.util=ALL-UNNAMED -Dfile.encoding=UTF-8 
java_command: com.intellij.database.remote.RemoteJdbcServer org.postgresql.Driver
java_class_path (initial): C:\Program Files\JetBrains\IntelliJ IDEA 2023.2.2\lib\util_rt.jar;C:\Program Files\JetBrains\IntelliJ IDEA 2023.2.2\lib\util-8.jar;C:\Program Files\JetBrains\IntelliJ IDEA 2023.2.2\lib\groovy.jar;C:\Program Files\JetBrains\IntelliJ IDEA 2023.2.2\plugins\DatabaseTools\lib\jdbc-console.jar;C:\Program Files\JetBrains\IntelliJ IDEA 2023.2.2\plugins\grid-core-impl\lib\jdbc-console-types.jar;C:\Program Files\JetBrains\IntelliJ IDEA 2023.2.2\lib\util.jar;C:\Program Files\JetBrains\IntelliJ IDEA 2023.2.2\lib\bouncy-castle.jar
Launcher Type: SUN_STANDARD

[Global flags]
     intx CICompilerCount                          = 4                                         {product} {ergonomic}
     uint ConcGCThreads                            = 2                                         {product} {ergonomic}
     uint G1ConcRefinementThreads                  = 8                                         {product} {ergonomic}
   size_t G1HeapRegionSize                         = 1048576                                   {product} {ergonomic}
    uintx GCDrainStackTargetSize                   = 64                                        {product} {ergonomic}
   size_t InitialHeapSize                          = 134217728                                 {product} {command line}
   size_t MarkStackSize                            = 4194304                                   {product} {ergonomic}
   size_t MaxHeapSize                              = 2147483648                                {product} {command line}
   size_t MinHeapDeltaBytes                        = 1048576                                   {product} {ergonomic}
   size_t MinHeapSize                              = 134217728                                 {product} {command line}
    uintx NonNMethodCodeHeapSize                   = 5839372                                {pd product} {ergonomic}
    uintx NonProfiledCodeHeapSize                  = 122909434                              {pd product} {ergonomic}
    uintx ProfiledCodeHeapSize                     = 122909434                              {pd product} {ergonomic}
    uintx ReservedCodeCacheSize                    = 251658240                              {pd product} {ergonomic}
     bool SegmentedCodeCache                       = true                                      {product} {ergonomic}
   size_t SoftMaxHeapSize                          = 2147483648                             {manageable} {ergonomic}
     bool UseCompressedClassPointers               = true                           {product lp64_product} {ergonomic}
     bool UseCompressedOops                        = true                           {product lp64_product} {ergonomic}
     bool UseG1GC                                  = true                                      {product} {ergonomic}
     bool UseLargePagesIndividualAllocation        = false                                  {pd product} {ergonomic}

Logging:
Log output configuration:
 #0: stdout all=warning uptime,level,tags
 #1: stderr all=off uptime,level,tags

Environment Variables:
PATH=C:\Program Files\Common Files\Oracle\Java\javapath;C:\WINDOWS\system32;C:\WINDOWS;C:\WINDOWS\System32\Wbem;C:\WINDOWS\System32\WindowsPowerShell\v1.0\;C:\WINDOWS\System32\OpenSSH\;C:\Program Files\dotnet\;C:\Program Files\Git\cmd;C:\xampp\php;C:\composer;;C:\Program Files\Docker\Docker\resources\bin;C:\Users\Aziz\AppData\Local\Microsoft\WindowsApps;C:\Users\Aziz\AppData\Local\Programs\Microsoft VS Code\bin;C:\Users\Aziz\AppData\Roaming\Composer\vendor\bin;C:\xampp\php;
USERNAME=Aziz
OS=Windows_NT
PROCESSOR_IDENTIFIER=Intel64 Family 6 Model 140 Stepping 1, GenuineIntel
TMP=C:\Users\Aziz\AppData\Local\Temp
TEMP=C:\Users\Aziz\AppData\Local\Temp


JNI global refs:
JNI global refs: 0, weak refs: 0

JNI global refs memory usage: 0, weak refs: 0

OOME stack traces (most recent first):
Classloader memory used:


---------------  S Y S T E M  ---------------

OS:
 Windows 11 , 64 bit Build 22621 (10.0.22621.2428)
OS uptime: 0 days 19:45 hours

CPU: total 8 (initial active 8) (4 cores per cpu, 2 threads per core) family 6 model 140 stepping 1 microcode 0xac, cx8, cmov, fxsr, ht, mmx, 3dnowpref, sse, sse2, sse3, ssse3, sse4.1, sse4.2, popcnt, lzcnt, tsc, tscinvbit, avx, avx2, aes, erms, clmul, bmi1, bmi2, adx, avx512f, avx512dq, avx512cd, avx512bw, avx512vl, sha, fma, vzeroupper, avx512_vpopcntdq, avx512_vpclmulqdq, avx512_vaes, avx512_vnni, clflush, clflushopt, clwb, avx512_vbmi2, avx512_vbmi
Processor Information for all 8 processors :
  Max Mhz: 1382, Current Mhz: 1382, Mhz Limit: 1382

Memory: 4k page, system-wide physical 7589M (281M free)
TotalPageFile size 31141M (AvailPageFile size 44M)
current process WorkingSet (physical memory assigned to process): 11M, peak: 11M
current process commit charge ("private bytes"): 60M, peak: 188M

vm_info: OpenJDK 64-Bit Server VM (17.0.8+7-b1000.22) for windows-amd64 JRE (17.0.8+7-b1000.22), built on 2023-09-02 by "builduser" with MS VC++ 16.10 / 16.11 (VS2019)

END.
